Unable to capture context for thread 7880 in process 11672, can not generate back trace
Unable to capture context for thread 3972 in process 11672, can not generate back trace
Unable to capture context for thread 7060 in process 11672, can not generate back trace
Unable to capture context for thread 8564 in process 11672, can not generate back trace
Unable to capture context for thread 1388 in process 11672, can not generate back trace
Unable to capture context for thread 9888 in process 11672, can not generate back trace
Unable to capture context for thread 7832 in process 11672, can not generate back trace
Exception at PC 0x00007FFB318FBB93
Printing stacktrace...

Exception at PC 0x00007FFB68CE7788
Exception at PC 0x00007FFB68CE7788
Unable to capture context for thread 5448 in process 11672, can not generate back trace
Exception at PC 0x00007FFB68CE7788
Unable to capture context for thread 8876 in process 11672, can not generate back trace
Exception at PC 0x00007FFB68CE7788
Exception at PC 0x00007FFB68CE7788
Exception at PC 0x00007FFB68CE7788
Exception at PC 0x00007FFB68CE7788
Exception at PC 0x00007FFB68CE7788
Exception at PC 0x00007FFB68CE7788
Exception at PC 0x00007FFB68CE7788
Exception at PC 0x00007FFB68CE7788
Exception at PC 0x00007FFB68CE7788
Exception at PC 0x00007FFB68CE7788
Exception at PC 0x00007FFB68CE7788
Exception at PC 0x00007FFB68CE7788
Exception at PC 0x00007FFB68CE7788
Exception at PC 0x00007FFB68CE7788
Exception at PC 0x00007FFB68CE7788
[0]  [0x00007FFB318FBB93]
[1]  [0x00007FFB318FBB93]
[2]  [0x00007FFB318FB4A1]
[3]  [0x00007FFB318FB459]
[4]  [0x00007FFB318E19FE]
[5]  [0x00007FFB318E0ED1]
[6]  [0x00007FFB318E0D76]
[7]  [0x00007FFB318879F6]
[8]  [0x00007FFB31877AFB]
[9]  [0x00007FFB3199E90A]
[10]  [0x00007FFB319B9F87]
[11]  [0x00007FFB319BA05F]
[12] (BaseThreadInitThunk+0x14) [0x00007FFB6BC48364]
[13] (RtlUserThreadStart+0x21) [0x00007FFB6C235E91]
Done
