INFO: [VRFC 10-2263] Analyzing SystemVerilog file "C:/Xilinx/Vivado/2016.2/data/ip/xpm/xpm_cdc/hdl/xpm_cdc.sv" into library xil_defaultlib
INFO: [VRFC 10-311] analyzing module xpm_cdc_single
INFO: [VRFC 10-311] analyzing module xpm_cdc_gray
INFO: [VRFC 10-311] analyzing module xpm_cdc_handshake
INFO: [VRFC 10-311] analyzing module xpm_cdc_pulse
INFO: [VRFC 10-311] analyzing module xpm_cdc_array_single
INFO: [VRFC 10-311] analyzing module xpm_cdc_sync_rst
INFO: [VRFC 10-311] analyzing module xpm_cdc_async_rst
INFO: [VRFC 10-2263] Analyzing SystemVerilog file "C:/Xilinx/Vivado/2016.2/data/ip/xpm/xpm_memory/hdl/xpm_memory_base.sv" into library xil_defaultlib
INFO: [VRFC 10-311] analyzing module xpm_memory_base
INFO: [VRFC 10-2263] Analyzing SystemVerilog file "C:/Xilinx/Vivado/2016.2/data/ip/xpm/xpm_memory/hdl/xpm_memory_dpdistram.sv" into library xil_defaultlib
INFO: [VRFC 10-311] analyzing module xpm_memory_dpdistram
INFO: [VRFC 10-2263] Analyzing SystemVerilog file "C:/Xilinx/Vivado/2016.2/data/ip/xpm/xpm_memory/hdl/xpm_memory_dprom.sv" into library xil_defaultlib
INFO: [VRFC 10-311] analyzing module xpm_memory_dprom
INFO: [VRFC 10-2263] Analyzing SystemVerilog file "C:/Xilinx/Vivado/2016.2/data/ip/xpm/xpm_memory/hdl/xpm_memory_sdpram.sv" into library xil_defaultlib
INFO: [VRFC 10-311] analyzing module xpm_memory_sdpram
INFO: [VRFC 10-2263] Analyzing SystemVerilog file "C:/Xilinx/Vivado/2016.2/data/ip/xpm/xpm_memory/hdl/xpm_memory_spram.sv" into library xil_defaultlib
INFO: [VRFC 10-311] analyzing module xpm_memory_spram
INFO: [VRFC 10-2263] Analyzing SystemVerilog file "C:/Xilinx/Vivado/2016.2/data/ip/xpm/xpm_memory/hdl/xpm_memory_sprom.sv" into library xil_defaultlib
INFO: [VRFC 10-311] analyzing module xpm_memory_sprom
INFO: [VRFC 10-2263] Analyzing SystemVerilog file "C:/Xilinx/Vivado/2016.2/data/ip/xpm/xpm_memory/hdl/xpm_memory_tdpram.sv" into library xil_defaultlib
INFO: [VRFC 10-311] analyzing module xpm_memory_tdpram
INFO: [VRFC 10-2263] Analyzing Verilog file "D:/Repositories/FPGA/Xilinx/Vivado/LED Driver/LED Driver.srcs/sources_1/new/pll.v" into library xil_defaultlib
INFO: [VRFC 10-311] analyzing module pll
INFO: [VRFC 10-2263] Analyzing Verilog file "D:/Repositories/FPGA/Xilinx/Vivado/LED Driver/LED Driver.srcs/sources_1/new/dpram.v" into library xil_defaultlib
INFO: [VRFC 10-311] analyzing module dpram
INFO: [VRFC 10-2263] Analyzing Verilog file "D:/Repositories/FPGA/Xilinx/Vivado/LED Driver/LED Driver.srcs/sources_1/new/LedDriver.v" into library xil_defaultlib
INFO: [VRFC 10-311] analyzing module LedDriver
INFO: [VRFC 10-2263] Analyzing Verilog file "D:/Repositories/FPGA/Xilinx/Vivado/LED Driver/LED Driver.srcs/sources_1/new/FillMemory.v" into library xil_defaultlib
INFO: [VRFC 10-311] analyzing module FillMemory
INFO: [VRFC 10-2263] Analyzing Verilog file "D:/Repositories/FPGA/Xilinx/Vivado/LED Driver/LED Driver.srcs/sources_1/new/spi_handler.v" into library xil_defaultlib
INFO: [VRFC 10-311] analyzing module spi_handler
INFO: [VRFC 10-2263] Analyzing Verilog file "D:/Repositories/FPGA/Xilinx/Vivado/LED Driver/LED Driver.srcs/sources_1/imports/new/spi.v" into library xil_defaultlib
INFO: [VRFC 10-311] analyzing module spi
INFO: [VRFC 10-2263] Analyzing Verilog file "D:/Repositories/FPGA/Xilinx/Vivado/LED Driver/LED Driver.srcs/sources_1/new/BackBufferHandler.v" into library xil_defaultlib
INFO: [VRFC 10-311] analyzing module BackBufferHandler
INFO: [VRFC 10-2263] Analyzing Verilog file "D:/Repositories/FPGA/Xilinx/Vivado/LED Driver/LED Driver.srcs/SPI_basic/new/spi_basic_tb.v" into library xil_defaultlib
INFO: [VRFC 10-311] analyzing module spi_basic_tb
WARNING: [VRFC 10-756] identifier SCLK is used before its declaration [D:/Repositories/FPGA/Xilinx/Vivado/LED Driver/LED Driver.srcs/SPI_basic/new/spi_basic_tb.v:12]
WARNING: [VRFC 10-756] identifier MOSI is used before its declaration [D:/Repositories/FPGA/Xilinx/Vivado/LED Driver/LED Driver.srcs/SPI_basic/new/spi_basic_tb.v:13]
WARNING: [VRFC 10-756] identifier SCLK is used before its declaration [D:/Repositories/FPGA/Xilinx/Vivado/LED Driver/LED Driver.srcs/SPI_basic/new/spi_basic_tb.v:14]
WARNING: [VRFC 10-756] identifier SCLK is used before its declaration [D:/Repositories/FPGA/Xilinx/Vivado/LED Driver/LED Driver.srcs/SPI_basic/new/spi_basic_tb.v:15]
WARNING: [VRFC 10-756] identifier MOSI is used before its declaration [D:/Repositories/FPGA/Xilinx/Vivado/LED Driver/LED Driver.srcs/SPI_basic/new/spi_basic_tb.v:16]
WARNING: [VRFC 10-756] identifier SCLK is used before its declaration [D:/Repositories/FPGA/Xilinx/Vivado/LED Driver/LED Driver.srcs/SPI_basic/new/spi_basic_tb.v:17]
WARNING: [VRFC 10-756] identifier SCLK is used before its declaration [D:/Repositories/FPGA/Xilinx/Vivado/LED Driver/LED Driver.srcs/SPI_basic/new/spi_basic_tb.v:18]
WARNING: [VRFC 10-756] identifier MOSI is used before its declaration [D:/Repositories/FPGA/Xilinx/Vivado/LED Driver/LED Driver.srcs/SPI_basic/new/spi_basic_tb.v:19]
WARNING: [VRFC 10-756] identifier SCLK is used before its declaration [D:/Repositories/FPGA/Xilinx/Vivado/LED Driver/LED Driver.srcs/SPI_basic/new/spi_basic_tb.v:20]
WARNING: [VRFC 10-756] identifier SCLK is used before its declaration [D:/Repositories/FPGA/Xilinx/Vivado/LED Driver/LED Driver.srcs/SPI_basic/new/spi_basic_tb.v:21]
WARNING: [VRFC 10-756] identifier MOSI is used before its declaration [D:/Repositories/FPGA/Xilinx/Vivado/LED Driver/LED Driver.srcs/SPI_basic/new/spi_basic_tb.v:22]
WARNING: [VRFC 10-756] identifier SCLK is used before its declaration [D:/Repositories/FPGA/Xilinx/Vivado/LED Driver/LED Driver.srcs/SPI_basic/new/spi_basic_tb.v:23]
WARNING: [VRFC 10-756] identifier SCLK is used before its declaration [D:/Repositories/FPGA/Xilinx/Vivado/LED Driver/LED Driver.srcs/SPI_basic/new/spi_basic_tb.v:24]
WARNING: [VRFC 10-756] identifier MOSI is used before its declaration [D:/Repositories/FPGA/Xilinx/Vivado/LED Driver/LED Driver.srcs/SPI_basic/new/spi_basic_tb.v:25]
WARNING: [VRFC 10-756] identifier SCLK is used before its declaration [D:/Repositories/FPGA/Xilinx/Vivado/LED Driver/LED Driver.srcs/SPI_basic/new/spi_basic_tb.v:26]
WARNING: [VRFC 10-756] identifier SCLK is used before its declaration [D:/Repositories/FPGA/Xilinx/Vivado/LED Driver/LED Driver.srcs/SPI_basic/new/spi_basic_tb.v:27]
WARNING: [VRFC 10-756] identifier MOSI is used before its declaration [D:/Repositories/FPGA/Xilinx/Vivado/LED Driver/LED Driver.srcs/SPI_basic/new/spi_basic_tb.v:28]
WARNING: [VRFC 10-756] identifier SCLK is used before its declaration [D:/Repositories/FPGA/Xilinx/Vivado/LED Driver/LED Driver.srcs/SPI_basic/new/spi_basic_tb.v:29]
WARNING: [VRFC 10-756] identifier SCLK is used before its declaration [D:/Repositories/FPGA/Xilinx/Vivado/LED Driver/LED Driver.srcs/SPI_basic/new/spi_basic_tb.v:30]
WARNING: [VRFC 10-756] identifier MOSI is used before its declaration [D:/Repositories/FPGA/Xilinx/Vivado/LED Driver/LED Driver.srcs/SPI_basic/new/spi_basic_tb.v:31]
WARNING: [VRFC 10-756] identifier SCLK is used before its declaration [D:/Repositories/FPGA/Xilinx/Vivado/LED Driver/LED Driver.srcs/SPI_basic/new/spi_basic_tb.v:32]
WARNING: [VRFC 10-756] identifier SCLK is used before its declaration [D:/Repositories/FPGA/Xilinx/Vivado/LED Driver/LED Driver.srcs/SPI_basic/new/spi_basic_tb.v:33]
WARNING: [VRFC 10-756] identifier MOSI is used before its declaration [D:/Repositories/FPGA/Xilinx/Vivado/LED Driver/LED Driver.srcs/SPI_basic/new/spi_basic_tb.v:34]
WARNING: [VRFC 10-756] identifier SCLK is used before its declaration [D:/Repositories/FPGA/Xilinx/Vivado/LED Driver/LED Driver.srcs/SPI_basic/new/spi_basic_tb.v:35]
WARNING: [VRFC 10-756] identifier SCLK is used before its declaration [D:/Repositories/FPGA/Xilinx/Vivado/LED Driver/LED Driver.srcs/SPI_basic/new/spi_basic_tb.v:36]
WARNING: [VRFC 10-756] identifier SCLK is used before its declaration [D:/Repositories/FPGA/Xilinx/Vivado/LED Driver/LED Driver.srcs/SPI_basic/new/spi_basic_tb.v:44]
WARNING: [VRFC 10-756] identifier SCLK is used before its declaration [D:/Repositories/FPGA/Xilinx/Vivado/LED Driver/LED Driver.srcs/SPI_basic/new/spi_basic_tb.v:45]
WARNING: [VRFC 10-756] identifier MOSI is used before its declaration [D:/Repositories/FPGA/Xilinx/Vivado/LED Driver/LED Driver.srcs/SPI_basic/new/spi_basic_tb.v:46]
WARNING: [VRFC 10-756] identifier SCLK is used before its declaration [D:/Repositories/FPGA/Xilinx/Vivado/LED Driver/LED Driver.srcs/SPI_basic/new/spi_basic_tb.v:47]
WARNING: [VRFC 10-756] identifier SCLK is used before its declaration [D:/Repositories/FPGA/Xilinx/Vivado/LED Driver/LED Driver.srcs/SPI_basic/new/spi_basic_tb.v:48]
WARNING: [VRFC 10-756] identifier MOSI is used before its declaration [D:/Repositories/FPGA/Xilinx/Vivado/LED Driver/LED Driver.srcs/SPI_basic/new/spi_basic_tb.v:49]
WARNING: [VRFC 10-756] identifier SCLK is used before its declaration [D:/Repositories/FPGA/Xilinx/Vivado/LED Driver/LED Driver.srcs/SPI_basic/new/spi_basic_tb.v:50]
WARNING: [VRFC 10-756] identifier SCLK is used before its declaration [D:/Repositories/FPGA/Xilinx/Vivado/LED Driver/LED Driver.srcs/SPI_basic/new/spi_basic_tb.v:51]
WARNING: [VRFC 10-756] identifier MOSI is used before its declaration [D:/Repositories/FPGA/Xilinx/Vivado/LED Driver/LED Driver.srcs/SPI_basic/new/spi_basic_tb.v:52]
WARNING: [VRFC 10-756] identifier SCLK is used before its declaration [D:/Repositories/FPGA/Xilinx/Vivado/LED Driver/LED Driver.srcs/SPI_basic/new/spi_basic_tb.v:53]
WARNING: [VRFC 10-756] identifier SCLK is used before its declaration [D:/Repositories/FPGA/Xilinx/Vivado/LED Driver/LED Driver.srcs/SPI_basic/new/spi_basic_tb.v:54]
WARNING: [VRFC 10-756] identifier MOSI is used before its declaration [D:/Repositories/FPGA/Xilinx/Vivado/LED Driver/LED Driver.srcs/SPI_basic/new/spi_basic_tb.v:55]
WARNING: [VRFC 10-756] identifier SCLK is used before its declaration [D:/Repositories/FPGA/Xilinx/Vivado/LED Driver/LED Driver.srcs/SPI_basic/new/spi_basic_tb.v:56]
WARNING: [VRFC 10-756] identifier SCLK is used before its declaration [D:/Repositories/FPGA/Xilinx/Vivado/LED Driver/LED Driver.srcs/SPI_basic/new/spi_basic_tb.v:57]
WARNING: [VRFC 10-756] identifier MOSI is used before its declaration [D:/Repositories/FPGA/Xilinx/Vivado/LED Driver/LED Driver.srcs/SPI_basic/new/spi_basic_tb.v:58]
WARNING: [VRFC 10-756] identifier SCLK is used before its declaration [D:/Repositories/FPGA/Xilinx/Vivado/LED Driver/LED Driver.srcs/SPI_basic/new/spi_basic_tb.v:59]
WARNING: [VRFC 10-756] identifier SCLK is used before its declaration [D:/Repositories/FPGA/Xilinx/Vivado/LED Driver/LED Driver.srcs/SPI_basic/new/spi_basic_tb.v:60]
WARNING: [VRFC 10-756] identifier MOSI is used before its declaration [D:/Repositories/FPGA/Xilinx/Vivado/LED Driver/LED Driver.srcs/SPI_basic/new/spi_basic_tb.v:61]
WARNING: [VRFC 10-756] identifier SCLK is used before its declaration [D:/Repositories/FPGA/Xilinx/Vivado/LED Driver/LED Driver.srcs/SPI_basic/new/spi_basic_tb.v:62]
WARNING: [VRFC 10-756] identifier SCLK is used before its declaration [D:/Repositories/FPGA/Xilinx/Vivado/LED Driver/LED Driver.srcs/SPI_basic/new/spi_basic_tb.v:63]
WARNING: [VRFC 10-756] identifier MOSI is used before its declaration [D:/Repositories/FPGA/Xilinx/Vivado/LED Driver/LED Driver.srcs/SPI_basic/new/spi_basic_tb.v:64]
WARNING: [VRFC 10-756] identifier SCLK is used before its declaration [D:/Repositories/FPGA/Xilinx/Vivado/LED Driver/LED Driver.srcs/SPI_basic/new/spi_basic_tb.v:65]
WARNING: [VRFC 10-756] identifier SCLK is used before its declaration [D:/Repositories/FPGA/Xilinx/Vivado/LED Driver/LED Driver.srcs/SPI_basic/new/spi_basic_tb.v:66]
WARNING: [VRFC 10-756] identifier MOSI is used before its declaration [D:/Repositories/FPGA/Xilinx/Vivado/LED Driver/LED Driver.srcs/SPI_basic/new/spi_basic_tb.v:67]
WARNING: [VRFC 10-756] identifier SCLK is used before its declaration [D:/Repositories/FPGA/Xilinx/Vivado/LED Driver/LED Driver.srcs/SPI_basic/new/spi_basic_tb.v:68]
WARNING: [VRFC 10-756] identifier SCLK is used before its declaration [D:/Repositories/FPGA/Xilinx/Vivado/LED Driver/LED Driver.srcs/SPI_basic/new/spi_basic_tb.v:77]
WARNING: [VRFC 10-756] identifier MOSI is used before its declaration [D:/Repositories/FPGA/Xilinx/Vivado/LED Driver/LED Driver.srcs/SPI_basic/new/spi_basic_tb.v:78]
WARNING: [VRFC 10-756] identifier SCLK is used before its declaration [D:/Repositories/FPGA/Xilinx/Vivado/LED Driver/LED Driver.srcs/SPI_basic/new/spi_basic_tb.v:79]
WARNING: [VRFC 10-756] identifier SCLK is used before its declaration [D:/Repositories/FPGA/Xilinx/Vivado/LED Driver/LED Driver.srcs/SPI_basic/new/spi_basic_tb.v:80]
WARNING: [VRFC 10-756] identifier MOSI is used before its declaration [D:/Repositories/FPGA/Xilinx/Vivado/LED Driver/LED Driver.srcs/SPI_basic/new/spi_basic_tb.v:81]
WARNING: [VRFC 10-756] identifier SCLK is used before its declaration [D:/Repositories/FPGA/Xilinx/Vivado/LED Driver/LED Driver.srcs/SPI_basic/new/spi_basic_tb.v:82]
WARNING: [VRFC 10-756] identifier SCLK is used before its declaration [D:/Repositories/FPGA/Xilinx/Vivado/LED Driver/LED Driver.srcs/SPI_basic/new/spi_basic_tb.v:83]
WARNING: [VRFC 10-756] identifier MOSI is used before its declaration [D:/Repositories/FPGA/Xilinx/Vivado/LED Driver/LED Driver.srcs/SPI_basic/new/spi_basic_tb.v:84]
WARNING: [VRFC 10-756] identifier SCLK is used before its declaration [D:/Repositories/FPGA/Xilinx/Vivado/LED Driver/LED Driver.srcs/SPI_basic/new/spi_basic_tb.v:85]
WARNING: [VRFC 10-756] identifier SCLK is used before its declaration [D:/Repositories/FPGA/Xilinx/Vivado/LED Driver/LED Driver.srcs/SPI_basic/new/spi_basic_tb.v:86]
WARNING: [VRFC 10-756] identifier MOSI is used before its declaration [D:/Repositories/FPGA/Xilinx/Vivado/LED Driver/LED Driver.srcs/SPI_basic/new/spi_basic_tb.v:87]
WARNING: [VRFC 10-756] identifier SCLK is used before its declaration [D:/Repositories/FPGA/Xilinx/Vivado/LED Driver/LED Driver.srcs/SPI_basic/new/spi_basic_tb.v:88]
WARNING: [VRFC 10-756] identifier SCLK is used before its declaration [D:/Repositories/FPGA/Xilinx/Vivado/LED Driver/LED Driver.srcs/SPI_basic/new/spi_basic_tb.v:89]
WARNING: [VRFC 10-756] identifier MOSI is used before its declaration [D:/Repositories/FPGA/Xilinx/Vivado/LED Driver/LED Driver.srcs/SPI_basic/new/spi_basic_tb.v:90]
WARNING: [VRFC 10-756] identifier SCLK is used before its declaration [D:/Repositories/FPGA/Xilinx/Vivado/LED Driver/LED Driver.srcs/SPI_basic/new/spi_basic_tb.v:91]
WARNING: [VRFC 10-756] identifier SCLK is used before its declaration [D:/Repositories/FPGA/Xilinx/Vivado/LED Driver/LED Driver.srcs/SPI_basic/new/spi_basic_tb.v:92]
WARNING: [VRFC 10-756] identifier MOSI is used before its declaration [D:/Repositories/FPGA/Xilinx/Vivado/LED Driver/LED Driver.srcs/SPI_basic/new/spi_basic_tb.v:93]
WARNING: [VRFC 10-756] identifier SCLK is used before its declaration [D:/Repositories/FPGA/Xilinx/Vivado/LED Driver/LED Driver.srcs/SPI_basic/new/spi_basic_tb.v:94]
WARNING: [VRFC 10-756] identifier SCLK is used before its declaration [D:/Repositories/FPGA/Xilinx/Vivado/LED Driver/LED Driver.srcs/SPI_basic/new/spi_basic_tb.v:95]
WARNING: [VRFC 10-756] identifier MOSI is used before its declaration [D:/Repositories/FPGA/Xilinx/Vivado/LED Driver/LED Driver.srcs/SPI_basic/new/spi_basic_tb.v:96]
WARNING: [VRFC 10-756] identifier SCLK is used before its declaration [D:/Repositories/FPGA/Xilinx/Vivado/LED Driver/LED Driver.srcs/SPI_basic/new/spi_basic_tb.v:97]
WARNING: [VRFC 10-756] identifier SCLK is used before its declaration [D:/Repositories/FPGA/Xilinx/Vivado/LED Driver/LED Driver.srcs/SPI_basic/new/spi_basic_tb.v:98]
WARNING: [VRFC 10-756] identifier MOSI is used before its declaration [D:/Repositories/FPGA/Xilinx/Vivado/LED Driver/LED Driver.srcs/SPI_basic/new/spi_basic_tb.v:99]
WARNING: [VRFC 10-756] identifier SCLK is used before its declaration [D:/Repositories/FPGA/Xilinx/Vivado/LED Driver/LED Driver.srcs/SPI_basic/new/spi_basic_tb.v:100]
WARNING: [VRFC 10-756] identifier SCLK is used before its declaration [D:/Repositories/FPGA/Xilinx/Vivado/LED Driver/LED Driver.srcs/SPI_basic/new/spi_basic_tb.v:101]
WARNING: [VRFC 10-756] identifier SCLK is used before its declaration [D:/Repositories/FPGA/Xilinx/Vivado/LED Driver/LED Driver.srcs/SPI_basic/new/spi_basic_tb.v:109]
WARNING: [VRFC 10-756] identifier SCLK is used before its declaration [D:/Repositories/FPGA/Xilinx/Vivado/LED Driver/LED Driver.srcs/SPI_basic/new/spi_basic_tb.v:110]
WARNING: [VRFC 10-756] identifier MOSI is used before its declaration [D:/Repositories/FPGA/Xilinx/Vivado/LED Driver/LED Driver.srcs/SPI_basic/new/spi_basic_tb.v:111]
WARNING: [VRFC 10-756] identifier SCLK is used before its declaration [D:/Repositories/FPGA/Xilinx/Vivado/LED Driver/LED Driver.srcs/SPI_basic/new/spi_basic_tb.v:112]
WARNING: [VRFC 10-756] identifier SCLK is used before its declaration [D:/Repositories/FPGA/Xilinx/Vivado/LED Driver/LED Driver.srcs/SPI_basic/new/spi_basic_tb.v:113]
WARNING: [VRFC 10-756] identifier MOSI is used before its declaration [D:/Repositories/FPGA/Xilinx/Vivado/LED Driver/LED Driver.srcs/SPI_basic/new/spi_basic_tb.v:114]
WARNING: [VRFC 10-756] identifier SCLK is used before its declaration [D:/Repositories/FPGA/Xilinx/Vivado/LED Driver/LED Driver.srcs/SPI_basic/new/spi_basic_tb.v:115]
WARNING: [VRFC 10-756] identifier SCLK is used before its declaration [D:/Repositories/FPGA/Xilinx/Vivado/LED Driver/LED Driver.srcs/SPI_basic/new/spi_basic_tb.v:116]
WARNING: [VRFC 10-756] identifier MOSI is used before its declaration [D:/Repositories/FPGA/Xilinx/Vivado/LED Driver/LED Driver.srcs/SPI_basic/new/spi_basic_tb.v:117]
WARNING: [VRFC 10-756] identifier SCLK is used before its declaration [D:/Repositories/FPGA/Xilinx/Vivado/LED Driver/LED Driver.srcs/SPI_basic/new/spi_basic_tb.v:118]
WARNING: [VRFC 10-756] identifier SCLK is used before its declaration [D:/Repositories/FPGA/Xilinx/Vivado/LED Driver/LED Driver.srcs/SPI_basic/new/spi_basic_tb.v:119]
WARNING: [VRFC 10-756] identifier MOSI is used before its declaration [D:/Repositories/FPGA/Xilinx/Vivado/LED Driver/LED Driver.srcs/SPI_basic/new/spi_basic_tb.v:120]
WARNING: [VRFC 10-756] identifier SCLK is used before its declaration [D:/Repositories/FPGA/Xilinx/Vivado/LED Driver/LED Driver.srcs/SPI_basic/new/spi_basic_tb.v:121]
WARNING: [VRFC 10-756] identifier SCLK is used before its declaration [D:/Repositories/FPGA/Xilinx/Vivado/LED Driver/LED Driver.srcs/SPI_basic/new/spi_basic_tb.v:122]
WARNING: [VRFC 10-756] identifier MOSI is used before its declaration [D:/Repositories/FPGA/Xilinx/Vivado/LED Driver/LED Driver.srcs/SPI_basic/new/spi_basic_tb.v:123]
WARNING: [VRFC 10-756] identifier SCLK is used before its declaration [D:/Repositories/FPGA/Xilinx/Vivado/LED Driver/LED Driver.srcs/SPI_basic/new/spi_basic_tb.v:124]
WARNING: [VRFC 10-756] identifier SCLK is used before its declaration [D:/Repositories/FPGA/Xilinx/Vivado/LED Driver/LED Driver.srcs/SPI_basic/new/spi_basic_tb.v:125]
WARNING: [VRFC 10-756] identifier MOSI is used before its declaration [D:/Repositories/FPGA/Xilinx/Vivado/LED Driver/LED Driver.srcs/SPI_basic/new/spi_basic_tb.v:126]
WARNING: [VRFC 10-756] identifier SCLK is used before its declaration [D:/Repositories/FPGA/Xilinx/Vivado/LED Driver/LED Driver.srcs/SPI_basic/new/spi_basic_tb.v:127]
WARNING: [VRFC 10-756] identifier SCLK is used before its declaration [D:/Repositories/FPGA/Xilinx/Vivado/LED Driver/LED Driver.srcs/SPI_basic/new/spi_basic_tb.v:128]
WARNING: [VRFC 10-756] identifier MOSI is used before its declaration [D:/Repositories/FPGA/Xilinx/Vivado/LED Driver/LED Driver.srcs/SPI_basic/new/spi_basic_tb.v:129]
WARNING: [VRFC 10-756] identifier SCLK is used before its declaration [D:/Repositories/FPGA/Xilinx/Vivado/LED Driver/LED Driver.srcs/SPI_basic/new/spi_basic_tb.v:130]
WARNING: [VRFC 10-756] identifier SCLK is used before its declaration [D:/Repositories/FPGA/Xilinx/Vivado/LED Driver/LED Driver.srcs/SPI_basic/new/spi_basic_tb.v:131]
WARNING: [VRFC 10-756] identifier MOSI is used before its declaration [D:/Repositories/FPGA/Xilinx/Vivado/LED Driver/LED Driver.srcs/SPI_basic/new/spi_basic_tb.v:132]
WARNING: [VRFC 10-756] identifier SCLK is used before its declaration [D:/Repositories/FPGA/Xilinx/Vivado/LED Driver/LED Driver.srcs/SPI_basic/new/spi_basic_tb.v:133]
INFO: [VRFC 10-2263] Analyzing Verilog file "D:/Repositories/FPGA/Xilinx/Vivado/LED Driver/LED Driver.sim/SPI_basic/behav/glbl.v" into library xil_defaultlib
INFO: [VRFC 10-311] analyzing module glbl
INFO: [VRFC 10-163] Analyzing VHDL file "C:/Xilinx/Vivado/2016.2/data/ip/xpm/xpm_VCOMP.vhd" into library xpm
