Unable to capture context for thread 11436 in process 7372, can not generate back trace
Unable to capture context for thread 10892 in process 7372, can not generate back trace
Unable to capture context for thread 6904 in process 7372, can not generate back trace
Unable to capture context for thread 6608 in process 7372, can not generate back trace
Unable to capture context for thread 6544 in process 7372, can not generate back trace
Unable to capture context for thread 1016 in process 7372, can not generate back trace
Unable to capture context for thread 12000 in process 7372, can not generate back trace
Unable to capture context for thread 11868 in process 7372, can not generate back trace
Exception at PC 0x00007FFA16D5BB93
Printing stacktrace...

Unable to capture context for thread 11936 in process 7372, can not generate back trace
Exception at PC 0x00007FFA50227788
Exception at PC 0x00007FFA50227788
Unable to capture context for thread 11356 in process 7372, can not generate back trace
Unable to capture context for thread 5832 in process 7372, can not generate back trace
Exception at PC 0x00007FFA50227788
Exception at PC 0x00007FFA50227788
Exception at PC 0x00007FFA50227788
Exception at PC 0x00007FFA50227788
Exception at PC 0x00007FFA50227788
Exception at PC 0x00007FFA50227788
Exception at PC 0x00007FFA50227788
Exception at PC 0x00007FFA50227788
Exception at PC 0x00007FFA50227788
Exception at PC 0x00007FFA50227788
Exception at PC 0x00007FFA50227788
Exception at PC 0x00007FFA50227788
Exception at PC 0x00007FFA50227788
Exception at PC 0x00007FFA50227788
Exception at PC 0x00007FFA50227788
Exception at PC 0x00007FFA50227788
[0]  [0x00007FFA16D5BB93]
[1]  [0x00007FFA16D5BB93]
[2]  [0x00007FFA16D5B4A1]
[3]  [0x00007FFA16D5B459]
[4]  [0x00007FFA16D419FE]
[5]  [0x00007FFA16D40ED1]
[6]  [0x00007FFA16D40D76]
[7]  [0x00007FFA16CE79F6]
[8]  [0x00007FFA16CD7AFB]
[9]  [0x00007FFA16DFE90A]
[10]  [0x00007FFA16E19F87]
[11]  [0x00007FFA16E1A05F]
[12] (BaseThreadInitThunk+0x14) [0x00007FFA526F8364]
[13] (RtlUserThreadStart+0x21) [0x00007FFA53135E91]
Done
