INFO: [VRFC 10-2263] Analyzing SystemVerilog file "C:/Xilinx/Vivado/2016.2/data/ip/xpm/xpm_cdc/hdl/xpm_cdc.sv" into library xil_defaultlib
INFO: [VRFC 10-311] analyzing module xpm_cdc_single
INFO: [VRFC 10-311] analyzing module xpm_cdc_gray
INFO: [VRFC 10-311] analyzing module xpm_cdc_handshake
INFO: [VRFC 10-311] analyzing module xpm_cdc_pulse
INFO: [VRFC 10-311] analyzing module xpm_cdc_array_single
INFO: [VRFC 10-311] analyzing module xpm_cdc_sync_rst
INFO: [VRFC 10-311] analyzing module xpm_cdc_async_rst
INFO: [VRFC 10-2263] Analyzing SystemVerilog file "C:/Xilinx/Vivado/2016.2/data/ip/xpm/xpm_memory/hdl/xpm_memory_base.sv" into library xil_defaultlib
INFO: [VRFC 10-311] analyzing module xpm_memory_base
INFO: [VRFC 10-2263] Analyzing SystemVerilog file "C:/Xilinx/Vivado/2016.2/data/ip/xpm/xpm_memory/hdl/xpm_memory_dpdistram.sv" into library xil_defaultlib
INFO: [VRFC 10-311] analyzing module xpm_memory_dpdistram
INFO: [VRFC 10-2263] Analyzing SystemVerilog file "C:/Xilinx/Vivado/2016.2/data/ip/xpm/xpm_memory/hdl/xpm_memory_dprom.sv" into library xil_defaultlib
INFO: [VRFC 10-311] analyzing module xpm_memory_dprom
INFO: [VRFC 10-2263] Analyzing SystemVerilog file "C:/Xilinx/Vivado/2016.2/data/ip/xpm/xpm_memory/hdl/xpm_memory_sdpram.sv" into library xil_defaultlib
INFO: [VRFC 10-311] analyzing module xpm_memory_sdpram
INFO: [VRFC 10-2263] Analyzing SystemVerilog file "C:/Xilinx/Vivado/2016.2/data/ip/xpm/xpm_memory/hdl/xpm_memory_spram.sv" into library xil_defaultlib
INFO: [VRFC 10-311] analyzing module xpm_memory_spram
INFO: [VRFC 10-2263] Analyzing SystemVerilog file "C:/Xilinx/Vivado/2016.2/data/ip/xpm/xpm_memory/hdl/xpm_memory_sprom.sv" into library xil_defaultlib
INFO: [VRFC 10-311] analyzing module xpm_memory_sprom
INFO: [VRFC 10-2263] Analyzing SystemVerilog file "C:/Xilinx/Vivado/2016.2/data/ip/xpm/xpm_memory/hdl/xpm_memory_tdpram.sv" into library xil_defaultlib
INFO: [VRFC 10-311] analyzing module xpm_memory_tdpram
INFO: [VRFC 10-2263] Analyzing Verilog file "D:/Repositories/FPGA/Xilinx/Vivado/LED Driver/LED Driver.srcs/sources_1/new/pll.v" into library xil_defaultlib
INFO: [VRFC 10-311] analyzing module pll
INFO: [VRFC 10-2263] Analyzing Verilog file "D:/Repositories/FPGA/Xilinx/Vivado/LED Driver/LED Driver.srcs/sources_1/new/dpram.v" into library xil_defaultlib
INFO: [VRFC 10-311] analyzing module dpram
INFO: [VRFC 10-2263] Analyzing Verilog file "D:/Repositories/FPGA/Xilinx/Vivado/LED Driver/LED Driver.srcs/sources_1/new/LedDriver.v" into library xil_defaultlib
INFO: [VRFC 10-311] analyzing module LedDriver
INFO: [VRFC 10-2263] Analyzing Verilog file "D:/Repositories/FPGA/Xilinx/Vivado/LED Driver/LED Driver.srcs/sources_1/new/FillMemory.v" into library xil_defaultlib
INFO: [VRFC 10-311] analyzing module FillMemory
INFO: [VRFC 10-2263] Analyzing Verilog file "D:/Repositories/FPGA/Xilinx/Vivado/LED Driver/LED Driver.srcs/sim_3/imports/new/FillMemory_tb.v" into library xil_defaultlib
INFO: [VRFC 10-311] analyzing module FillMemory_tb
WARNING: [VRFC 10-986] literal value truncated to fit in 23 bits [D:/Repositories/FPGA/Xilinx/Vivado/LED Driver/LED Driver.srcs/sim_3/imports/new/FillMemory_tb.v:19]
INFO: [VRFC 10-2263] Analyzing Verilog file "D:/Repositories/FPGA/Xilinx/Vivado/LED Driver/LED Driver.sim/sim_3/behav/glbl.v" into library xil_defaultlib
INFO: [VRFC 10-311] analyzing module glbl
